[11:31:30] [WARNING] mysql_connect: no password specified (C:\Users\win10\Desktop\TUTORIAL MOD\gamemodes\TR.pwn:51 -> C:\Users\win10\Desktop\VZ mysql\pawno\include\Pawn.CMD.inc:125 -> C:\Users\win10\Desktop\VZ mysql\pawno\include\sscanf2.inc:211 -> C:\Users\win10\Desktop\VZ mysql\pawno\include\YSI_Data\y_foreach\..\..\YSI_Coding\y_va\..\..\YSI_Core\y_core\..\..\indirection\indirection.inc:942 -> C:\Users\win10\Desktop\VZ mysql\pawno\include\YSI_Data\y_foreach\..\..\YSI_Core\y_core\y_scriptinit_impl.inc:365)
[11:32:45] [WARNING] mysql_connect: no password specified (C:\Users\win10\Desktop\TUTORIAL MOD\gamemodes\TR.pwn:51 -> C:\Users\win10\Desktop\VZ mysql\pawno\include\Pawn.CMD.inc:125 -> C:\Users\win10\Desktop\VZ mysql\pawno\include\sscanf2.inc:211 -> C:\Users\win10\Desktop\VZ mysql\pawno\include\YSI_Data\y_foreach\..\..\YSI_Coding\y_va\..\..\YSI_Core\y_core\..\..\indirection\indirection.inc:942 -> C:\Users\win10\Desktop\VZ mysql\pawno\include\YSI_Data\y_foreach\..\..\YSI_Core\y_core\y_scriptinit_impl.inc:365)
[11:33:19] [WARNING] mysql_connect: no password specified (C:\Users\win10\Desktop\TUTORIAL MOD\gamemodes\TR.pwn:51 -> C:\Users\win10\Desktop\VZ mysql\pawno\include\Pawn.CMD.inc:125 -> C:\Users\win10\Desktop\VZ mysql\pawno\include\sscanf2.inc:211 -> C:\Users\win10\Desktop\VZ mysql\pawno\include\YSI_Data\y_foreach\..\..\YSI_Coding\y_va\..\..\YSI_Core\y_core\..\..\indirection\indirection.inc:942 -> C:\Users\win10\Desktop\VZ mysql\pawno\include\YSI_Data\y_foreach\..\..\YSI_Core\y_core\y_scriptinit_impl.inc:365)
[11:35:55] [WARNING] mysql_connect: no password specified (C:\Users\win10\Desktop\TUTORIAL MOD\gamemodes\TR.pwn:51 -> C:\Users\win10\Desktop\VZ mysql\pawno\include\Pawn.CMD.inc:125 -> C:\Users\win10\Desktop\VZ mysql\pawno\include\sscanf2.inc:211 -> C:\Users\win10\Desktop\VZ mysql\pawno\include\YSI_Data\y_foreach\..\..\YSI_Coding\y_va\..\..\YSI_Core\y_core\..\..\indirection\indirection.inc:942 -> C:\Users\win10\Desktop\VZ mysql\pawno\include\YSI_Data\y_foreach\..\..\YSI_Core\y_core\y_scriptinit_impl.inc:365)
[11:37:46] [WARNING] mysql_connect: no password specified (C:\Users\win10\Desktop\TUTORIAL MOD\gamemodes\TR.pwn:51 -> C:\Users\win10\Desktop\VZ mysql\pawno\include\Pawn.CMD.inc:125 -> C:\Users\win10\Desktop\VZ mysql\pawno\include\sscanf2.inc:211 -> C:\Users\win10\Desktop\VZ mysql\pawno\include\YSI_Data\y_foreach\..\..\YSI_Coding\y_va\..\..\YSI_Core\y_core\..\..\indirection\indirection.inc:942 -> C:\Users\win10\Desktop\VZ mysql\pawno\include\YSI_Data\y_foreach\..\..\YSI_Core\y_core\y_scriptinit_impl.inc:365)
[11:57:10] [WARNING] mysql_connect: no password specified (C:\Users\win10\Desktop\TUTORIAL MOD\gamemodes\TR.pwn:50 -> C:\Users\win10\Desktop\TUTORIAL MOD\pawno\include\Pawn.CMD.inc:125 -> C:\Users\win10\Desktop\TUTORIAL MOD\pawno\include\sscanf2.inc:211 -> C:\Users\win10\Desktop\TUTORIAL MOD\pawno\include\YSI_Data\y_foreach\..\..\YSI_Coding\y_va\..\..\YSI_Core\y_core\..\..\indirection\indirection.inc:942 -> C:\Users\win10\Desktop\TUTORIAL MOD\pawno\include\YSI_Data\y_foreach\..\..\YSI_Core\y_core\y_scriptinit_impl.inc:365)
[11:57:45] [WARNING] mysql_connect: no password specified (C:\Users\win10\Desktop\TUTORIAL MOD\gamemodes\TR.pwn:50 -> C:\Users\win10\Desktop\TUTORIAL MOD\pawno\include\Pawn.CMD.inc:125 -> C:\Users\win10\Desktop\TUTORIAL MOD\pawno\include\sscanf2.inc:211 -> C:\Users\win10\Desktop\TUTORIAL MOD\pawno\include\YSI_Data\y_foreach\..\..\YSI_Coding\y_va\..\..\YSI_Core\y_core\..\..\indirection\indirection.inc:942 -> C:\Users\win10\Desktop\TUTORIAL MOD\pawno\include\YSI_Data\y_foreach\..\..\YSI_Core\y_core\y_scriptinit_impl.inc:365)
[12:03:38] [WARNING] mysql_connect: no password specified (C:\Users\win10\Desktop\TUTORIAL MOD\gamemodes\TR.pwn:52 -> C:\Users\win10\Desktop\TUTORIAL MOD\pawno\include\Pawn.CMD.inc:125 -> C:\Users\win10\Desktop\TUTORIAL MOD\pawno\include\sscanf2.inc:211 -> C:\Users\win10\Desktop\TUTORIAL MOD\pawno\include\YSI_Data\y_foreach\..\..\YSI_Coding\y_va\..\..\YSI_Core\y_core\..\..\indirection\indirection.inc:942 -> C:\Users\win10\Desktop\TUTORIAL MOD\pawno\include\YSI_Data\y_foreach\..\..\YSI_Core\y_core\y_scriptinit_impl.inc:365)
[12:08:50] [WARNING] mysql_connect: no password specified (C:\Users\win10\Desktop\TUTORIAL MOD\gamemodes\TR.pwn:52 -> C:\Users\win10\Desktop\TUTORIAL MOD\pawno\include\Pawn.CMD.inc:125 -> C:\Users\win10\Desktop\TUTORIAL MOD\pawno\include\sscanf2.inc:211 -> C:\Users\win10\Desktop\TUTORIAL MOD\pawno\include\YSI_Data\y_foreach\..\..\YSI_Coding\y_va\..\..\YSI_Core\y_core\..\..\indirection\indirection.inc:942 -> C:\Users\win10\Desktop\TUTORIAL MOD\pawno\include\YSI_Data\y_foreach\..\..\YSI_Core\y_core\y_scriptinit_impl.inc:365)
[12:12:00] [WARNING] mysql_connect: no password specified (C:\Users\win10\Desktop\TUTORIAL MOD\gamemodes\TR.pwn:52 -> C:\Users\win10\Desktop\TUTORIAL MOD\pawno\include\Pawn.CMD.inc:125 -> C:\Users\win10\Desktop\TUTORIAL MOD\pawno\include\sscanf2.inc:211 -> C:\Users\win10\Desktop\TUTORIAL MOD\pawno\include\YSI_Data\y_foreach\..\..\YSI_Coding\y_va\..\..\YSI_Core\y_core\..\..\indirection\indirection.inc:942 -> C:\Users\win10\Desktop\TUTORIAL MOD\pawno\include\YSI_Data\y_foreach\..\..\YSI_Core\y_core\y_scriptinit_impl.inc:365)
[12:14:19] [WARNING] mysql_connect: no password specified (C:\Users\win10\Desktop\TUTORIAL MOD\gamemodes\TR.pwn:52 -> C:\Users\win10\Desktop\TUTORIAL MOD\pawno\include\Pawn.CMD.inc:125 -> C:\Users\win10\Desktop\TUTORIAL MOD\pawno\include\sscanf2.inc:211 -> C:\Users\win10\Desktop\TUTORIAL MOD\pawno\include\YSI_Data\y_foreach\..\..\YSI_Coding\y_va\..\..\YSI_Core\y_core\..\..\indirection\indirection.inc:942 -> C:\Users\win10\Desktop\TUTORIAL MOD\pawno\include\YSI_Data\y_foreach\..\..\YSI_Core\y_core\y_scriptinit_impl.inc:365)
[17:59:39] [WARNING] mysql_connect: no password specified (C:\Users\win10\Desktop\TUTORIAL MOD\gamemodes\TR.pwn:52 -> C:\Users\win10\Desktop\MOD OD 0\pawno\include\Pawn.CMD.inc:125 -> C:\Users\win10\Desktop\MOD OD 0\pawno\include\sscanf2.inc:211 -> C:\Users\win10\Desktop\MOD OD 0\pawno\include\YSI_Data\y_foreach\..\..\YSI_Coding\y_va\..\..\YSI_Core\y_core\..\..\indirection\indirection.inc:942 -> C:\Users\win10\Desktop\MOD OD 0\pawno\include\YSI_Data\y_foreach\..\..\YSI_Core\y_core\y_scriptinit_impl.inc:365)
[23:16:56] [WARNING] mysql_connect: no password specified (C:\Users\win10\Desktop\TUTORIAL MOD\gamemodes\TR.pwn:67 -> C:\Users\win10\Desktop\Private\VZ mysql\pawno\include\Pawn.CMD.inc:125 -> C:\Users\win10\Desktop\Private\VZ mysql\pawno\include\sscanf2.inc:211 -> C:\Users\win10\Desktop\Private\VZ mysql\pawno\include\YSI_Data\y_foreach\..\..\YSI_Coding\y_va\..\..\YSI_Core\y_core\..\..\indirection\indirection.inc:942 -> C:\Users\win10\Desktop\Private\VZ mysql\pawno\include\YSI_Data\y_foreach\..\..\YSI_Core\y_core\y_scriptinit_impl.inc:365)
[23:17:36] [WARNING] mysql_connect: no password specified (C:\Users\win10\Desktop\TUTORIAL MOD\gamemodes\TR.pwn:67 -> C:\Users\win10\Desktop\Private\VZ mysql\pawno\include\Pawn.CMD.inc:125 -> C:\Users\win10\Desktop\Private\VZ mysql\pawno\include\sscanf2.inc:211 -> C:\Users\win10\Desktop\Private\VZ mysql\pawno\include\YSI_Data\y_foreach\..\..\YSI_Coding\y_va\..\..\YSI_Core\y_core\..\..\indirection\indirection.inc:942 -> C:\Users\win10\Desktop\Private\VZ mysql\pawno\include\YSI_Data\y_foreach\..\..\YSI_Core\y_core\y_scriptinit_impl.inc:365)
[23:20:34] [WARNING] mysql_connect: no password specified (C:\Users\win10\Desktop\TUTORIAL MOD\gamemodes\TR.pwn:67 -> C:\Users\win10\Desktop\Private\VZ mysql\pawno\include\Pawn.CMD.inc:125 -> C:\Users\win10\Desktop\Private\VZ mysql\pawno\include\sscanf2.inc:211 -> C:\Users\win10\Desktop\Private\VZ mysql\pawno\include\YSI_Data\y_foreach\..\..\YSI_Coding\y_va\..\..\YSI_Core\y_core\..\..\indirection\indirection.inc:942 -> C:\Users\win10\Desktop\Private\VZ mysql\pawno\include\YSI_Data\y_foreach\..\..\YSI_Core\y_core\y_scriptinit_impl.inc:365)
[23:21:28] [ERROR] cache_get_value_name_int: field 'PASSWORD' not found (C:\Users\win10\Desktop\TUTORIAL MOD\gamemodes\TR.pwn:118)
[23:21:28] [ERROR] cache_get_value_name_int: field 'SKIN' not found (C:\Users\win10\Desktop\TUTORIAL MOD\gamemodes\TR.pwn:119)
[23:21:28] [ERROR] cache_get_value_name_int: field 'NOVAC' not found (C:\Users\win10\Desktop\TUTORIAL MOD\gamemodes\TR.pwn:120)
[23:21:28] [ERROR] cache_get_value_name_int: field 'LEVEL' not found (C:\Users\win10\Desktop\TUTORIAL MOD\gamemodes\TR.pwn:121)
[23:22:01] [WARNING] mysql_connect: no password specified (C:\Users\win10\Desktop\TUTORIAL MOD\gamemodes\TR.pwn:67 -> C:\Users\win10\Desktop\Private\VZ mysql\pawno\include\Pawn.CMD.inc:125 -> C:\Users\win10\Desktop\Private\VZ mysql\pawno\include\sscanf2.inc:211 -> C:\Users\win10\Desktop\Private\VZ mysql\pawno\include\YSI_Data\y_foreach\..\..\YSI_Coding\y_va\..\..\YSI_Core\y_core\..\..\indirection\indirection.inc:942 -> C:\Users\win10\Desktop\Private\VZ mysql\pawno\include\YSI_Data\y_foreach\..\..\YSI_Core\y_core\y_scriptinit_impl.inc:365)
[23:22:19] [ERROR] cache_get_value_name_int: field 'PASSWORD' not found (C:\Users\win10\Desktop\TUTORIAL MOD\gamemodes\TR.pwn:118)
[23:22:19] [ERROR] cache_get_value_name_int: field 'SKIN' not found (C:\Users\win10\Desktop\TUTORIAL MOD\gamemodes\TR.pwn:119)
[23:22:19] [ERROR] cache_get_value_name_int: field 'NOVAC' not found (C:\Users\win10\Desktop\TUTORIAL MOD\gamemodes\TR.pwn:120)
[23:22:19] [ERROR] cache_get_value_name_int: field 'LEVEL' not found (C:\Users\win10\Desktop\TUTORIAL MOD\gamemodes\TR.pwn:121)
[23:23:58] [WARNING] mysql_connect: no password specified (C:\Users\win10\Desktop\TUTORIAL MOD\gamemodes\TR.pwn:67 -> C:\Users\win10\Desktop\Private\VZ mysql\pawno\include\Pawn.CMD.inc:125 -> C:\Users\win10\Desktop\Private\VZ mysql\pawno\include\sscanf2.inc:211 -> C:\Users\win10\Desktop\Private\VZ mysql\pawno\include\YSI_Data\y_foreach\..\..\YSI_Coding\y_va\..\..\YSI_Core\y_core\..\..\indirection\indirection.inc:942 -> C:\Users\win10\Desktop\Private\VZ mysql\pawno\include\YSI_Data\y_foreach\..\..\YSI_Core\y_core\y_scriptinit_impl.inc:365)
[23:24:37] [WARNING] mysql_connect: no password specified (C:\Users\win10\Desktop\TUTORIAL MOD\gamemodes\TR.pwn:67 -> C:\Users\win10\Desktop\Private\VZ mysql\pawno\include\Pawn.CMD.inc:125 -> C:\Users\win10\Desktop\Private\VZ mysql\pawno\include\sscanf2.inc:211 -> C:\Users\win10\Desktop\Private\VZ mysql\pawno\include\YSI_Data\y_foreach\..\..\YSI_Coding\y_va\..\..\YSI_Core\y_core\..\..\indirection\indirection.inc:942 -> C:\Users\win10\Desktop\Private\VZ mysql\pawno\include\YSI_Data\y_foreach\..\..\YSI_Core\y_core\y_scriptinit_impl.inc:365)
[23:25:34] [WARNING] mysql_connect: no password specified (C:\Users\win10\Desktop\TUTORIAL MOD\gamemodes\TR.pwn:67 -> C:\Users\win10\Desktop\Private\VZ mysql\pawno\include\Pawn.CMD.inc:125 -> C:\Users\win10\Desktop\Private\VZ mysql\pawno\include\sscanf2.inc:211 -> C:\Users\win10\Desktop\Private\VZ mysql\pawno\include\YSI_Data\y_foreach\..\..\YSI_Coding\y_va\..\..\YSI_Core\y_core\..\..\indirection\indirection.inc:942 -> C:\Users\win10\Desktop\Private\VZ mysql\pawno\include\YSI_Data\y_foreach\..\..\YSI_Core\y_core\y_scriptinit_impl.inc:365)
[00:54:42] [WARNING] mysql_connect: no password specified (C:\Users\win10\Desktop\TUTORIAL MOD\gamemodes\TR.pwn:87 -> C:\Users\win10\Desktop\Private\VZ mysql\pawno\include\Pawn.CMD.inc:125 -> C:\Users\win10\Desktop\Private\VZ mysql\pawno\include\sscanf2.inc:211 -> C:\Users\win10\Desktop\Private\VZ mysql\pawno\include\YSI_Data\y_foreach\..\..\YSI_Coding\y_va\..\..\YSI_Core\y_core\..\..\indirection\indirection.inc:942 -> C:\Users\win10\Desktop\Private\VZ mysql\pawno\include\YSI_Data\y_foreach\..\..\YSI_Core\y_core\y_scriptinit_impl.inc:365)
[15:19:19] [WARNING] mysql_connect: no password specified (C:\Users\win10\Desktop\TUTORIAL MOD\gamemodes\TR.pwn:67 -> C:\Users\win10\Desktop\Private\VZ mysql\pawno\include\Pawn.CMD.inc:125 -> C:\Users\win10\Desktop\Private\VZ mysql\pawno\include\sscanf2.inc:211 -> C:\Users\win10\Desktop\Private\VZ mysql\pawno\include\YSI_Data\y_foreach\..\..\YSI_Coding\y_va\..\..\YSI_Core\y_core\..\..\indirection\indirection.inc:942 -> C:\Users\win10\Desktop\Private\VZ mysql\pawno\include\YSI_Data\y_foreach\..\..\YSI_Core\y_core\y_scriptinit_impl.inc:365)
[14:56:09] [WARNING] mysql_connect: no password specified (C:\Users\win10\Desktop\TUTORIAL MOD\gamemodes\TR.pwn:67 -> C:\Users\win10\Desktop\Private\VZ mysql\pawno\include\Pawn.CMD.inc:125 -> C:\Users\win10\Desktop\Private\VZ mysql\pawno\include\sscanf2.inc:211 -> C:\Users\win10\Desktop\Private\VZ mysql\pawno\include\YSI_Data\y_foreach\..\..\YSI_Coding\y_va\..\..\YSI_Core\y_core\..\..\indirection\indirection.inc:942 -> C:\Users\win10\Desktop\Private\VZ mysql\pawno\include\YSI_Data\y_foreach\..\..\YSI_Core\y_core\y_scriptinit_impl.inc:365)
[14:56:37] [WARNING] mysql_connect: no password specified (C:\Users\win10\Desktop\TUTORIAL MOD\gamemodes\TR.pwn:67 -> C:\Users\win10\Desktop\Private\VZ mysql\pawno\include\Pawn.CMD.inc:125 -> C:\Users\win10\Desktop\Private\VZ mysql\pawno\include\sscanf2.inc:211 -> C:\Users\win10\Desktop\Private\VZ mysql\pawno\include\YSI_Data\y_foreach\..\..\YSI_Coding\y_va\..\..\YSI_Core\y_core\..\..\indirection\indirection.inc:942 -> C:\Users\win10\Desktop\Private\VZ mysql\pawno\include\YSI_Data\y_foreach\..\..\YSI_Core\y_core\y_scriptinit_impl.inc:365)
[14:57:01] [WARNING] mysql_connect: no password specified (C:\Users\win10\Desktop\TUTORIAL MOD\gamemodes\TR.pwn:67 -> C:\Users\win10\Desktop\Private\VZ mysql\pawno\include\Pawn.CMD.inc:125 -> C:\Users\win10\Desktop\Private\VZ mysql\pawno\include\sscanf2.inc:211 -> C:\Users\win10\Desktop\Private\VZ mysql\pawno\include\YSI_Data\y_foreach\..\..\YSI_Coding\y_va\..\..\YSI_Core\y_core\..\..\indirection\indirection.inc:942 -> C:\Users\win10\Desktop\Private\VZ mysql\pawno\include\YSI_Data\y_foreach\..\..\YSI_Core\y_core\y_scriptinit_impl.inc:365)
[14:57:13] [WARNING] mysql_connect: no password specified (C:\Users\win10\Desktop\TUTORIAL MOD\gamemodes\TR.pwn:67 -> C:\Users\win10\Desktop\Private\VZ mysql\pawno\include\Pawn.CMD.inc:125 -> C:\Users\win10\Desktop\Private\VZ mysql\pawno\include\sscanf2.inc:211 -> C:\Users\win10\Desktop\Private\VZ mysql\pawno\include\YSI_Data\y_foreach\..\..\YSI_Coding\y_va\..\..\YSI_Core\y_core\..\..\indirection\indirection.inc:942 -> C:\Users\win10\Desktop\Private\VZ mysql\pawno\include\YSI_Data\y_foreach\..\..\YSI_Core\y_core\y_scriptinit_impl.inc:365)
[14:57:21] [WARNING] mysql_connect: no password specified (C:\Users\win10\Desktop\TUTORIAL MOD\gamemodes\TR.pwn:67 -> C:\Users\win10\Desktop\Private\VZ mysql\pawno\include\Pawn.CMD.inc:125 -> C:\Users\win10\Desktop\Private\VZ mysql\pawno\include\sscanf2.inc:211 -> C:\Users\win10\Desktop\Private\VZ mysql\pawno\include\YSI_Data\y_foreach\..\..\YSI_Coding\y_va\..\..\YSI_Core\y_core\..\..\indirection\indirection.inc:942 -> C:\Users\win10\Desktop\Private\VZ mysql\pawno\include\YSI_Data\y_foreach\..\..\YSI_Core\y_core\y_scriptinit_impl.inc:365)
[14:57:33] [WARNING] mysql_connect: no password specified (C:\Users\win10\Desktop\TUTORIAL MOD\gamemodes\TR.pwn:67 -> C:\Users\win10\Desktop\Private\VZ mysql\pawno\include\Pawn.CMD.inc:125 -> C:\Users\win10\Desktop\Private\VZ mysql\pawno\include\sscanf2.inc:211 -> C:\Users\win10\Desktop\Private\VZ mysql\pawno\include\YSI_Data\y_foreach\..\..\YSI_Coding\y_va\..\..\YSI_Core\y_core\..\..\indirection\indirection.inc:942 -> C:\Users\win10\Desktop\Private\VZ mysql\pawno\include\YSI_Data\y_foreach\..\..\YSI_Core\y_core\y_scriptinit_impl.inc:365)
[15:24:01] [WARNING] mysql_connect: no password specified (C:\Users\win10\Desktop\TUTORIAL MOD\gamemodes\TR.pwn:68 -> C:\Users\win10\Desktop\Private\VZ mysql\pawno\include\Pawn.CMD.inc:125 -> C:\Users\win10\Desktop\Private\VZ mysql\pawno\include\sscanf2.inc:211 -> C:\Users\win10\Desktop\Private\VZ mysql\pawno\include\YSI_Data\y_foreach\..\..\YSI_Coding\y_va\..\..\YSI_Core\y_core\..\..\indirection\indirection.inc:942 -> C:\Users\win10\Desktop\Private\VZ mysql\pawno\include\YSI_Data\y_foreach\..\..\YSI_Core\y_core\y_scriptinit_impl.inc:365)
[15:24:27] [ERROR] error #1054 while executing query "SELECT * FROM `players` WHERE `Username` = 'kaizer'": Unknown column 'Username' in 'where clause' (C:\Users\win10\Desktop\TUTORIAL MOD\gamemodes\TR.pwn:215)
[15:24:27] [ERROR] error #1054 while executing query "SELECT * FROM `players` WHERE `Username` = 'kaizer'": Unknown column 'Username' in 'where clause' (C:\Users\win10\Desktop\TUTORIAL MOD\gamemodes\TR.pwn:215)
[15:24:27] [ERROR] error #1054 while executing query "SELECT * FROM `players` WHERE `Username` = 'kaizer'": Unknown column 'Username' in 'where clause' (C:\Users\win10\Desktop\TUTORIAL MOD\gamemodes\TR.pwn:220)
[15:24:28] [ERROR] error #1054 while executing query "SELECT * FROM `players` WHERE `Username` = 'kaizer'": Unknown column 'Username' in 'where clause' (C:\Users\win10\Desktop\TUTORIAL MOD\gamemodes\TR.pwn:220)
[15:24:28] [ERROR] error #1054 while executing query "SELECT * FROM `players` WHERE `Username` = 'kaizer'": Unknown column 'Username' in 'where clause' (C:\Users\win10\Desktop\TUTORIAL MOD\gamemodes\TR.pwn:220)
[15:24:28] [ERROR] error #1054 while executing query "SELECT * FROM `players` WHERE `Username` = 'kaizer'": Unknown column 'Username' in 'where clause' (C:\Users\win10\Desktop\TUTORIAL MOD\gamemodes\TR.pwn:215)
[15:24:29] [ERROR] error #1054 while executing query "SELECT * FROM `players` WHERE `Username` = 'kaizer'": Unknown column 'Username' in 'where clause' (C:\Users\win10\Desktop\TUTORIAL MOD\gamemodes\TR.pwn:215)
[15:24:29] [ERROR] error #1054 while executing query "SELECT * FROM `players` WHERE `Username` = 'kaizer'": Unknown column 'Username' in 'where clause' (C:\Users\win10\Desktop\TUTORIAL MOD\gamemodes\TR.pwn:220)
[15:24:30] [ERROR] error #1054 while executing query "SELECT * FROM `players` WHERE `Username` = 'kaizer'": Unknown column 'Username' in 'where clause' (C:\Users\win10\Desktop\TUTORIAL MOD\gamemodes\TR.pwn:215)
[15:24:30] [ERROR] error #1054 while executing query "SELECT * FROM `players` WHERE `Username` = 'kaizer'": Unknown column 'Username' in 'where clause' (C:\Users\win10\Desktop\TUTORIAL MOD\gamemodes\TR.pwn:220)
[15:24:31] [ERROR] error #1054 while executing query "SELECT * FROM `players` WHERE `Username` = 'kaizer'": Unknown column 'Username' in 'where clause' (C:\Users\win10\Desktop\TUTORIAL MOD\gamemodes\TR.pwn:215)
[15:24:31] [ERROR] error #1054 while executing query "SELECT * FROM `players` WHERE `Username` = 'kaizer'": Unknown column 'Username' in 'where clause' (C:\Users\win10\Desktop\TUTORIAL MOD\gamemodes\TR.pwn:220)
[15:24:32] [ERROR] error #1054 while executing query "SELECT * FROM `players` WHERE `Username` = 'kaizer'": Unknown column 'Username' in 'where clause' (C:\Users\win10\Desktop\TUTORIAL MOD\gamemodes\TR.pwn:220)
[15:24:32] [ERROR] error #1054 while executing query "SELECT * FROM `players` WHERE `Username` = 'kaizer'": Unknown column 'Username' in 'where clause' (C:\Users\win10\Desktop\TUTORIAL MOD\gamemodes\TR.pwn:215)
[15:24:33] [ERROR] error #1054 while executing query "SELECT * FROM `players` WHERE `Username` = 'kaizer'": Unknown column 'Username' in 'where clause' (C:\Users\win10\Desktop\TUTORIAL MOD\gamemodes\TR.pwn:215)
[15:24:33] [ERROR] error #1054 while executing query "SELECT * FROM `players` WHERE `Username` = 'kaizer'": Unknown column 'Username' in 'where clause' (C:\Users\win10\Desktop\TUTORIAL MOD\gamemodes\TR.pwn:215)
[15:24:33] [ERROR] error #1054 while executing query "SELECT * FROM `players` WHERE `Username` = 'kaizer'": Unknown column 'Username' in 'where clause' (C:\Users\win10\Desktop\TUTORIAL MOD\gamemodes\TR.pwn:220)
[15:25:14] [WARNING] mysql_connect: no password specified (C:\Users\win10\Desktop\TUTORIAL MOD\gamemodes\TR.pwn:68 -> C:\Users\win10\Desktop\Private\VZ mysql\pawno\include\Pawn.CMD.inc:125 -> C:\Users\win10\Desktop\Private\VZ mysql\pawno\include\sscanf2.inc:211 -> C:\Users\win10\Desktop\Private\VZ mysql\pawno\include\YSI_Data\y_foreach\..\..\YSI_Coding\y_va\..\..\YSI_Core\y_core\..\..\indirection\indirection.inc:942 -> C:\Users\win10\Desktop\Private\VZ mysql\pawno\include\YSI_Data\y_foreach\..\..\YSI_Core\y_core\y_scriptinit_impl.inc:365)
[15:25:38] [ERROR] error #1054 while executing query "SELECT * FROM `players` WHERE `Username` = 'kaizer'": Unknown column 'Username' in 'where clause' (C:\Users\win10\Desktop\TUTORIAL MOD\gamemodes\TR.pwn:215)
[15:25:39] [ERROR] error #1054 while executing query "SELECT * FROM `players` WHERE `Username` = 'kaizer'": Unknown column 'Username' in 'where clause' (C:\Users\win10\Desktop\TUTORIAL MOD\gamemodes\TR.pwn:215)
[15:25:40] [ERROR] error #1054 while executing query "SELECT * FROM `players` WHERE `Username` = 'kaizer'": Unknown column 'Username' in 'where clause' (C:\Users\win10\Desktop\TUTORIAL MOD\gamemodes\TR.pwn:220)
[15:25:40] [ERROR] error #1054 while executing query "SELECT * FROM `players` WHERE `Username` = 'kaizer'": Unknown column 'Username' in 'where clause' (C:\Users\win10\Desktop\TUTORIAL MOD\gamemodes\TR.pwn:220)
[15:25:40] [ERROR] error #1054 while executing query "SELECT * FROM `players` WHERE `Username` = 'kaizer'": Unknown column 'Username' in 'where clause' (C:\Users\win10\Desktop\TUTORIAL MOD\gamemodes\TR.pwn:220)
[15:25:41] [ERROR] error #1054 while executing query "SELECT * FROM `players` WHERE `Username` = 'kaizer'": Unknown column 'Username' in 'where clause' (C:\Users\win10\Desktop\TUTORIAL MOD\gamemodes\TR.pwn:215)
[15:25:41] [ERROR] error #1054 while executing query "SELECT * FROM `players` WHERE `Username` = 'kaizer'": Unknown column 'Username' in 'where clause' (C:\Users\win10\Desktop\TUTORIAL MOD\gamemodes\TR.pwn:215)
[15:25:42] [ERROR] error #1054 while executing query "SELECT * FROM `players` WHERE `Username` = 'kaizer'": Unknown column 'Username' in 'where clause' (C:\Users\win10\Desktop\TUTORIAL MOD\gamemodes\TR.pwn:220)
[15:25:42] [ERROR] error #1054 while executing query "SELECT * FROM `players` WHERE `Username` = 'kaizer'": Unknown column 'Username' in 'where clause' (C:\Users\win10\Desktop\TUTORIAL MOD\gamemodes\TR.pwn:220)
[15:25:42] [ERROR] error #1054 while executing query "SELECT * FROM `players` WHERE `Username` = 'kaizer'": Unknown column 'Username' in 'where clause' (C:\Users\win10\Desktop\TUTORIAL MOD\gamemodes\TR.pwn:220)
[15:25:43] [ERROR] error #1054 while executing query "SELECT * FROM `players` WHERE `Username` = 'kaizer'": Unknown column 'Username' in 'where clause' (C:\Users\win10\Desktop\TUTORIAL MOD\gamemodes\TR.pwn:215)
[15:25:43] [ERROR] error #1054 while executing query "SELECT * FROM `players` WHERE `Username` = 'kaizer'": Unknown column 'Username' in 'where clause' (C:\Users\win10\Desktop\TUTORIAL MOD\gamemodes\TR.pwn:215)
[15:25:44] [ERROR] error #1054 while executing query "SELECT * FROM `players` WHERE `Username` = 'kaizer'": Unknown column 'Username' in 'where clause' (C:\Users\win10\Desktop\TUTORIAL MOD\gamemodes\TR.pwn:215)
[15:25:44] [ERROR] error #1054 while executing query "SELECT * FROM `players` WHERE `Username` = 'kaizer'": Unknown column 'Username' in 'where clause' (C:\Users\win10\Desktop\TUTORIAL MOD\gamemodes\TR.pwn:215)
[15:25:44] [ERROR] error #1054 while executing query "SELECT * FROM `players` WHERE `Username` = 'kaizer'": Unknown column 'Username' in 'where clause' (C:\Users\win10\Desktop\TUTORIAL MOD\gamemodes\TR.pwn:215)
[15:25:44] [ERROR] error #1054 while executing query "SELECT * FROM `players` WHERE `Username` = 'kaizer'": Unknown column 'Username' in 'where clause' (C:\Users\win10\Desktop\TUTORIAL MOD\gamemodes\TR.pwn:215)
[15:25:45] [ERROR] error #1054 while executing query "SELECT * FROM `players` WHERE `Username` = 'kaizer'": Unknown column 'Username' in 'where clause' (C:\Users\win10\Desktop\TUTORIAL MOD\gamemodes\TR.pwn:215)
[15:25:45] [ERROR] error #1054 while executing query "SELECT * FROM `players` WHERE `Username` = 'kaizer'": Unknown column 'Username' in 'where clause' (C:\Users\win10\Desktop\TUTORIAL MOD\gamemodes\TR.pwn:215)
[15:25:45] [ERROR] error #1054 while executing query "SELECT * FROM `players` WHERE `Username` = 'kaizer'": Unknown column 'Username' in 'where clause' (C:\Users\win10\Desktop\TUTORIAL MOD\gamemodes\TR.pwn:215)
[15:25:45] [ERROR] error #1054 while executing query "SELECT * FROM `players` WHERE `Username` = 'kaizer'": Unknown column 'Username' in 'where clause' (C:\Users\win10\Desktop\TUTORIAL MOD\gamemodes\TR.pwn:215)
[15:25:45] [ERROR] error #1054 while executing query "SELECT * FROM `players` WHERE `Username` = 'kaizer'": Unknown column 'Username' in 'where clause' (C:\Users\win10\Desktop\TUTORIAL MOD\gamemodes\TR.pwn:215)
[15:25:46] [ERROR] error #1054 while executing query "SELECT * FROM `players` WHERE `Username` = 'kaizer'": Unknown column 'Username' in 'where clause' (C:\Users\win10\Desktop\TUTORIAL MOD\gamemodes\TR.pwn:215)
[15:25:46] [ERROR] error #1054 while executing query "SELECT * FROM `players` WHERE `Username` = 'kaizer'": Unknown column 'Username' in 'where clause' (C:\Users\win10\Desktop\TUTORIAL MOD\gamemodes\TR.pwn:215)
[15:25:46] [ERROR] error #1054 while executing query "SELECT * FROM `players` WHERE `Username` = 'kaizer'": Unknown column 'Username' in 'where clause' (C:\Users\win10\Desktop\TUTORIAL MOD\gamemodes\TR.pwn:215)
[15:25:46] [ERROR] error #1054 while executing query "SELECT * FROM `players` WHERE `Username` = 'kaizer'": Unknown column 'Username' in 'where clause' (C:\Users\win10\Desktop\TUTORIAL MOD\gamemodes\TR.pwn:215)
[15:25:47] [ERROR] error #1054 while executing query "SELECT * FROM `players` WHERE `Username` = 'kaizer'": Unknown column 'Username' in 'where clause' (C:\Users\win10\Desktop\TUTORIAL MOD\gamemodes\TR.pwn:215)
[15:25:47] [ERROR] error #1054 while executing query "SELECT * FROM `players` WHERE `Username` = 'kaizer'": Unknown column 'Username' in 'where clause' (C:\Users\win10\Desktop\TUTORIAL MOD\gamemodes\TR.pwn:215)
[15:25:47] [ERROR] error #1054 while executing query "SELECT * FROM `players` WHERE `Username` = 'kaizer'": Unknown column 'Username' in 'where clause' (C:\Users\win10\Desktop\TUTORIAL MOD\gamemodes\TR.pwn:215)
[15:25:47] [ERROR] error #1054 while executing query "SELECT * FROM `players` WHERE `Username` = 'kaizer'": Unknown column 'Username' in 'where clause' (C:\Users\win10\Desktop\TUTORIAL MOD\gamemodes\TR.pwn:220)
[15:25:48] [ERROR] error #1054 while executing query "SELECT * FROM `players` WHERE `Username` = 'kaizer'": Unknown column 'Username' in 'where clause' (C:\Users\win10\Desktop\TUTORIAL MOD\gamemodes\TR.pwn:220)
[15:25:48] [ERROR] error #1054 while executing query "SELECT * FROM `players` WHERE `Username` = 'kaizer'": Unknown column 'Username' in 'where clause' (C:\Users\win10\Desktop\TUTORIAL MOD\gamemodes\TR.pwn:220)
[15:25:48] [ERROR] error #1054 while executing query "SELECT * FROM `players` WHERE `Username` = 'kaizer'": Unknown column 'Username' in 'where clause' (C:\Users\win10\Desktop\TUTORIAL MOD\gamemodes\TR.pwn:220)
[15:25:48] [ERROR] error #1054 while executing query "SELECT * FROM `players` WHERE `Username` = 'kaizer'": Unknown column 'Username' in 'where clause' (C:\Users\win10\Desktop\TUTORIAL MOD\gamemodes\TR.pwn:220)
[15:25:49] [ERROR] error #1054 while executing query "SELECT * FROM `players` WHERE `Username` = 'kaizer'": Unknown column 'Username' in 'where clause' (C:\Users\win10\Desktop\TUTORIAL MOD\gamemodes\TR.pwn:220)
[15:25:49] [ERROR] error #1054 while executing query "SELECT * FROM `players` WHERE `Username` = 'kaizer'": Unknown column 'Username' in 'where clause' (C:\Users\win10\Desktop\TUTORIAL MOD\gamemodes\TR.pwn:220)
[15:25:49] [ERROR] error #1054 while executing query "SELECT * FROM `players` WHERE `Username` = 'kaizer'": Unknown column 'Username' in 'where clause' (C:\Users\win10\Desktop\TUTORIAL MOD\gamemodes\TR.pwn:220)
[15:25:50] [ERROR] error #1054 while executing query "SELECT * FROM `players` WHERE `Username` = 'kaizer'": Unknown column 'Username' in 'where clause' (C:\Users\win10\Desktop\TUTORIAL MOD\gamemodes\TR.pwn:220)
[15:25:51] [ERROR] error #1054 while executing query "SELECT * FROM `players` WHERE `Username` = 'kaizer'": Unknown column 'Username' in 'where clause' (C:\Users\win10\Desktop\TUTORIAL MOD\gamemodes\TR.pwn:220)
[15:25:51] [ERROR] error #1054 while executing query "SELECT * FROM `players` WHERE `Username` = 'kaizer'": Unknown column 'Username' in 'where clause' (C:\Users\win10\Desktop\TUTORIAL MOD\gamemodes\TR.pwn:220)
[15:25:52] [ERROR] error #1054 while executing query "SELECT * FROM `players` WHERE `Username` = 'kaizer'": Unknown column 'Username' in 'where clause' (C:\Users\win10\Desktop\TUTORIAL MOD\gamemodes\TR.pwn:220)
[15:25:53] [ERROR] error #1054 while executing query "SELECT * FROM `players` WHERE `Username` = 'kaizer'": Unknown column 'Username' in 'where clause' (C:\Users\win10\Desktop\TUTORIAL MOD\gamemodes\TR.pwn:220)
[15:25:53] [ERROR] error #1054 while executing query "SELECT * FROM `players` WHERE `Username` = 'kaizer'": Unknown column 'Username' in 'where clause' (C:\Users\win10\Desktop\TUTORIAL MOD\gamemodes\TR.pwn:220)
[15:25:53] [ERROR] error #1054 while executing query "SELECT * FROM `players` WHERE `Username` = 'kaizer'": Unknown column 'Username' in 'where clause' (C:\Users\win10\Desktop\TUTORIAL MOD\gamemodes\TR.pwn:220)
[15:25:53] [ERROR] error #1054 while executing query "SELECT * FROM `players` WHERE `Username` = 'kaizer'": Unknown column 'Username' in 'where clause' (C:\Users\win10\Desktop\TUTORIAL MOD\gamemodes\TR.pwn:220)
[15:25:54] [ERROR] error #1054 while executing query "SELECT * FROM `players` WHERE `Username` = 'kaizer'": Unknown column 'Username' in 'where clause' (C:\Users\win10\Desktop\TUTORIAL MOD\gamemodes\TR.pwn:220)
[15:25:54] [ERROR] error #1054 while executing query "SELECT * FROM `players` WHERE `Username` = 'kaizer'": Unknown column 'Username' in 'where clause' (C:\Users\win10\Desktop\TUTORIAL MOD\gamemodes\TR.pwn:220)
[15:25:54] [ERROR] error #1054 while executing query "SELECT * FROM `players` WHERE `Username` = 'kaizer'": Unknown column 'Username' in 'where clause' (C:\Users\win10\Desktop\TUTORIAL MOD\gamemodes\TR.pwn:220)
[15:25:55] [ERROR] error #1054 while executing query "SELECT * FROM `players` WHERE `Username` = 'kaizer'": Unknown column 'Username' in 'where clause' (C:\Users\win10\Desktop\TUTORIAL MOD\gamemodes\TR.pwn:220)
[15:25:55] [ERROR] error #1054 while executing query "SELECT * FROM `players` WHERE `Username` = 'kaizer'": Unknown column 'Username' in 'where clause' (C:\Users\win10\Desktop\TUTORIAL MOD\gamemodes\TR.pwn:220)
[15:25:55] [ERROR] error #1054 while executing query "SELECT * FROM `players` WHERE `Username` = 'kaizer'": Unknown column 'Username' in 'where clause' (C:\Users\win10\Desktop\TUTORIAL MOD\gamemodes\TR.pwn:220)
[15:25:55] [ERROR] error #1054 while executing query "SELECT * FROM `players` WHERE `Username` = 'kaizer'": Unknown column 'Username' in 'where clause' (C:\Users\win10\Desktop\TUTORIAL MOD\gamemodes\TR.pwn:220)
[15:25:56] [ERROR] error #1054 while executing query "SELECT * FROM `players` WHERE `Username` = 'kaizer'": Unknown column 'Username' in 'where clause' (C:\Users\win10\Desktop\TUTORIAL MOD\gamemodes\TR.pwn:220)
[15:25:56] [ERROR] error #1054 while executing query "SELECT * FROM `players` WHERE `Username` = 'kaizer'": Unknown column 'Username' in 'where clause' (C:\Users\win10\Desktop\TUTORIAL MOD\gamemodes\TR.pwn:220)
[15:25:56] [ERROR] error #1054 while executing query "SELECT * FROM `players` WHERE `Username` = 'kaizer'": Unknown column 'Username' in 'where clause' (C:\Users\win10\Desktop\TUTORIAL MOD\gamemodes\TR.pwn:220)
[15:25:57] [ERROR] error #1054 while executing query "SELECT * FROM `players` WHERE `Username` = 'kaizer'": Unknown column 'Username' in 'where clause' (C:\Users\win10\Desktop\TUTORIAL MOD\gamemodes\TR.pwn:220)
[15:25:57] [ERROR] error #1054 while executing query "SELECT * FROM `players` WHERE `Username` = 'kaizer'": Unknown column 'Username' in 'where clause' (C:\Users\win10\Desktop\TUTORIAL MOD\gamemodes\TR.pwn:220)
[15:25:57] [ERROR] error #1054 while executing query "SELECT * FROM `players` WHERE `Username` = 'kaizer'": Unknown column 'Username' in 'where clause' (C:\Users\win10\Desktop\TUTORIAL MOD\gamemodes\TR.pwn:215)
[15:25:57] [ERROR] error #1054 while executing query "SELECT * FROM `players` WHERE `Username` = 'kaizer'": Unknown column 'Username' in 'where clause' (C:\Users\win10\Desktop\TUTORIAL MOD\gamemodes\TR.pwn:215)
[15:25:58] [ERROR] error #1054 while executing query "SELECT * FROM `players` WHERE `Username` = 'kaizer'": Unknown column 'Username' in 'where clause' (C:\Users\win10\Desktop\TUTORIAL MOD\gamemodes\TR.pwn:215)
[15:25:58] [ERROR] error #1054 while executing query "SELECT * FROM `players` WHERE `Username` = 'kaizer'": Unknown column 'Username' in 'where clause' (C:\Users\win10\Desktop\TUTORIAL MOD\gamemodes\TR.pwn:215)
[15:25:58] [ERROR] error #1054 while executing query "SELECT * FROM `players` WHERE `Username` = 'kaizer'": Unknown column 'Username' in 'where clause' (C:\Users\win10\Desktop\TUTORIAL MOD\gamemodes\TR.pwn:215)
[15:25:59] [ERROR] error #1054 while executing query "SELECT * FROM `players` WHERE `Username` = 'kaizer'": Unknown column 'Username' in 'where clause' (C:\Users\win10\Desktop\TUTORIAL MOD\gamemodes\TR.pwn:215)
[15:25:59] [ERROR] error #1054 while executing query "SELECT * FROM `players` WHERE `Username` = 'kaizer'": Unknown column 'Username' in 'where clause' (C:\Users\win10\Desktop\TUTORIAL MOD\gamemodes\TR.pwn:215)
[15:26:00] [ERROR] error #1054 while executing query "SELECT * FROM `players` WHERE `Username` = 'kaizer'": Unknown column 'Username' in 'where clause' (C:\Users\win10\Desktop\TUTORIAL MOD\gamemodes\TR.pwn:220)
[15:26:36] [ERROR] error #1054 while executing query "SELECT * FROM `players` WHERE `Username` = 'kaizer'": Unknown column 'Username' in 'where clause' (C:\Users\win10\Desktop\TUTORIAL MOD\gamemodes\TR.pwn:215)
[15:26:37] [ERROR] error #1054 while executing query "SELECT * FROM `players` WHERE `Username` = 'kaizer'": Unknown column 'Username' in 'where clause' (C:\Users\win10\Desktop\TUTORIAL MOD\gamemodes\TR.pwn:215)
[15:26:37] [ERROR] error #1054 while executing query "SELECT * FROM `players` WHERE `Username` = 'kaizer'": Unknown column 'Username' in 'where clause' (C:\Users\win10\Desktop\TUTORIAL MOD\gamemodes\TR.pwn:215)
[15:26:38] [ERROR] error #1054 while executing query "SELECT * FROM `players` WHERE `Username` = 'kaizer'": Unknown column 'Username' in 'where clause' (C:\Users\win10\Desktop\TUTORIAL MOD\gamemodes\TR.pwn:215)
[15:26:39] [ERROR] error #1054 while executing query "SELECT * FROM `players` WHERE `Username` = 'kaizer'": Unknown column 'Username' in 'where clause' (C:\Users\win10\Desktop\TUTORIAL MOD\gamemodes\TR.pwn:215)
[15:26:39] [ERROR] error #1054 while executing query "SELECT * FROM `players` WHERE `Username` = 'kaizer'": Unknown column 'Username' in 'where clause' (C:\Users\win10\Desktop\TUTORIAL MOD\gamemodes\TR.pwn:215)
[15:26:39] [ERROR] error #1054 while executing query "SELECT * FROM `players` WHERE `Username` = 'kaizer'": Unknown column 'Username' in 'where clause' (C:\Users\win10\Desktop\TUTORIAL MOD\gamemodes\TR.pwn:215)
[15:26:40] [ERROR] error #1054 while executing query "SELECT * FROM `players` WHERE `Username` = 'kaizer'": Unknown column 'Username' in 'where clause' (C:\Users\win10\Desktop\TUTORIAL MOD\gamemodes\TR.pwn:215)
[15:26:40] [ERROR] error #1054 while executing query "SELECT * FROM `players` WHERE `Username` = 'kaizer'": Unknown column 'Username' in 'where clause' (C:\Users\win10\Desktop\TUTORIAL MOD\gamemodes\TR.pwn:215)
[15:26:41] [ERROR] error #1054 while executing query "SELECT * FROM `players` WHERE `Username` = 'kaizer'": Unknown column 'Username' in 'where clause' (C:\Users\win10\Desktop\TUTORIAL MOD\gamemodes\TR.pwn:215)
[15:26:41] [ERROR] error #1054 while executing query "SELECT * FROM `players` WHERE `Username` = 'kaizer'": Unknown column 'Username' in 'where clause' (C:\Users\win10\Desktop\TUTORIAL MOD\gamemodes\TR.pwn:215)
[15:26:41] [ERROR] error #1054 while executing query "SELECT * FROM `players` WHERE `Username` = 'kaizer'": Unknown column 'Username' in 'where clause' (C:\Users\win10\Desktop\TUTORIAL MOD\gamemodes\TR.pwn:215)
[15:26:41] [ERROR] error #1054 while executing query "SELECT * FROM `players` WHERE `Username` = 'kaizer'": Unknown column 'Username' in 'where clause' (C:\Users\win10\Desktop\TUTORIAL MOD\gamemodes\TR.pwn:215)
[15:26:42] [ERROR] error #1054 while executing query "SELECT * FROM `players` WHERE `Username` = 'kaizer'": Unknown column 'Username' in 'where clause' (C:\Users\win10\Desktop\TUTORIAL MOD\gamemodes\TR.pwn:215)
[15:26:43] [ERROR] error #1054 while executing query "SELECT * FROM `players` WHERE `Username` = 'kaizer'": Unknown column 'Username' in 'where clause' (C:\Users\win10\Desktop\TUTORIAL MOD\gamemodes\TR.pwn:220)
[15:26:43] [ERROR] error #1054 while executing query "SELECT * FROM `players` WHERE `Username` = 'kaizer'": Unknown column 'Username' in 'where clause' (C:\Users\win10\Desktop\TUTORIAL MOD\gamemodes\TR.pwn:220)
[15:26:43] [ERROR] error #1054 while executing query "SELECT * FROM `players` WHERE `Username` = 'kaizer'": Unknown column 'Username' in 'where clause' (C:\Users\win10\Desktop\TUTORIAL MOD\gamemodes\TR.pwn:220)
[15:26:44] [ERROR] error #1054 while executing query "SELECT * FROM `players` WHERE `Username` = 'kaizer'": Unknown column 'Username' in 'where clause' (C:\Users\win10\Desktop\TUTORIAL MOD\gamemodes\TR.pwn:220)
[15:26:44] [ERROR] error #1054 while executing query "SELECT * FROM `players` WHERE `Username` = 'kaizer'": Unknown column 'Username' in 'where clause' (C:\Users\win10\Desktop\TUTORIAL MOD\gamemodes\TR.pwn:220)
[15:26:45] [ERROR] error #1054 while executing query "SELECT * FROM `players` WHERE `Username` = 'kaizer'": Unknown column 'Username' in 'where clause' (C:\Users\win10\Desktop\TUTORIAL MOD\gamemodes\TR.pwn:220)
[15:26:45] [ERROR] error #1054 while executing query "SELECT * FROM `players` WHERE `Username` = 'kaizer'": Unknown column 'Username' in 'where clause' (C:\Users\win10\Desktop\TUTORIAL MOD\gamemodes\TR.pwn:220)
[15:26:45] [ERROR] error #1054 while executing query "SELECT * FROM `players` WHERE `Username` = 'kaizer'": Unknown column 'Username' in 'where clause' (C:\Users\win10\Desktop\TUTORIAL MOD\gamemodes\TR.pwn:220)
[15:26:46] [ERROR] error #1054 while executing query "SELECT * FROM `players` WHERE `Username` = 'kaizer'": Unknown column 'Username' in 'where clause' (C:\Users\win10\Desktop\TUTORIAL MOD\gamemodes\TR.pwn:220)
[15:26:46] [ERROR] error #1054 while executing query "SELECT * FROM `players` WHERE `Username` = 'kaizer'": Unknown column 'Username' in 'where clause' (C:\Users\win10\Desktop\TUTORIAL MOD\gamemodes\TR.pwn:220)
[15:26:47] [ERROR] error #1054 while executing query "SELECT * FROM `players` WHERE `Username` = 'kaizer'": Unknown column 'Username' in 'where clause' (C:\Users\win10\Desktop\TUTORIAL MOD\gamemodes\TR.pwn:220)
[15:26:47] [ERROR] error #1054 while executing query "SELECT * FROM `players` WHERE `Username` = 'kaizer'": Unknown column 'Username' in 'where clause' (C:\Users\win10\Desktop\TUTORIAL MOD\gamemodes\TR.pwn:220)
[15:26:48] [ERROR] error #1054 while executing query "SELECT * FROM `players` WHERE `Username` = 'kaizer'": Unknown column 'Username' in 'where clause' (C:\Users\win10\Desktop\TUTORIAL MOD\gamemodes\TR.pwn:220)
[15:26:49] [ERROR] error #1054 while executing query "SELECT * FROM `players` WHERE `Username` = 'kaizer'": Unknown column 'Username' in 'where clause' (C:\Users\win10\Desktop\TUTORIAL MOD\gamemodes\TR.pwn:215)
[15:26:49] [ERROR] error #1054 while executing query "SELECT * FROM `players` WHERE `Username` = 'kaizer'": Unknown column 'Username' in 'where clause' (C:\Users\win10\Desktop\TUTORIAL MOD\gamemodes\TR.pwn:215)
[15:26:49] [ERROR] error #1054 while executing query "SELECT * FROM `players` WHERE `Username` = 'kaizer'": Unknown column 'Username' in 'where clause' (C:\Users\win10\Desktop\TUTORIAL MOD\gamemodes\TR.pwn:215)
[15:26:50] [ERROR] error #1054 while executing query "SELECT * FROM `players` WHERE `Username` = 'kaizer'": Unknown column 'Username' in 'where clause' (C:\Users\win10\Desktop\TUTORIAL MOD\gamemodes\TR.pwn:215)
[15:26:50] [ERROR] error #1054 while executing query "SELECT * FROM `players` WHERE `Username` = 'kaizer'": Unknown column 'Username' in 'where clause' (C:\Users\win10\Desktop\TUTORIAL MOD\gamemodes\TR.pwn:215)
[15:26:51] [ERROR] error #1054 while executing query "SELECT * FROM `players` WHERE `Username` = 'kaizer'": Unknown column 'Username' in 'where clause' (C:\Users\win10\Desktop\TUTORIAL MOD\gamemodes\TR.pwn:215)
[15:26:51] [ERROR] error #1054 while executing query "SELECT * FROM `players` WHERE `Username` = 'kaizer'": Unknown column 'Username' in 'where clause' (C:\Users\win10\Desktop\TUTORIAL MOD\gamemodes\TR.pwn:215)
[15:26:52] [ERROR] error #1054 while executing query "SELECT * FROM `players` WHERE `Username` = 'kaizer'": Unknown column 'Username' in 'where clause' (C:\Users\win10\Desktop\TUTORIAL MOD\gamemodes\TR.pwn:220)
[15:26:54] [ERROR] error #1054 while executing query "SELECT * FROM `players` WHERE `Username` = 'kaizer'": Unknown column 'Username' in 'where clause' (C:\Users\win10\Desktop\TUTORIAL MOD\gamemodes\TR.pwn:215)
[15:27:34] [WARNING] mysql_connect: no password specified (C:\Users\win10\Desktop\TUTORIAL MOD\gamemodes\TR.pwn:68 -> C:\Users\win10\Desktop\Private\VZ mysql\pawno\include\Pawn.CMD.inc:125 -> C:\Users\win10\Desktop\Private\VZ mysql\pawno\include\sscanf2.inc:211 -> C:\Users\win10\Desktop\Private\VZ mysql\pawno\include\YSI_Data\y_foreach\..\..\YSI_Coding\y_va\..\..\YSI_Core\y_core\..\..\indirection\indirection.inc:942 -> C:\Users\win10\Desktop\Private\VZ mysql\pawno\include\YSI_Data\y_foreach\..\..\YSI_Core\y_core\y_scriptinit_impl.inc:365)
[15:28:20] [WARNING] mysql_connect: no password specified (C:\Users\win10\Desktop\TUTORIAL MOD\gamemodes\TR.pwn:68 -> C:\Users\win10\Desktop\Private\VZ mysql\pawno\include\Pawn.CMD.inc:125 -> C:\Users\win10\Desktop\Private\VZ mysql\pawno\include\sscanf2.inc:211 -> C:\Users\win10\Desktop\Private\VZ mysql\pawno\include\YSI_Data\y_foreach\..\..\YSI_Coding\y_va\..\..\YSI_Core\y_core\..\..\indirection\indirection.inc:942 -> C:\Users\win10\Desktop\Private\VZ mysql\pawno\include\YSI_Data\y_foreach\..\..\YSI_Core\y_core\y_scriptinit_impl.inc:365)
[15:28:39] [ERROR] error #1054 while executing query "SELECT * FROM `players` WHERE `Username` = 'kaizer'": Unknown column 'Username' in 'where clause' (C:\Users\win10\Desktop\TUTORIAL MOD\gamemodes\TR.pwn:215)
[15:28:39] [ERROR] error #1054 while executing query "SELECT * FROM `players` WHERE `Username` = 'kaizer'": Unknown column 'Username' in 'where clause' (C:\Users\win10\Desktop\TUTORIAL MOD\gamemodes\TR.pwn:215)
[15:28:40] [ERROR] error #1054 while executing query "SELECT * FROM `players` WHERE `Username` = 'kaizer'": Unknown column 'Username' in 'where clause' (C:\Users\win10\Desktop\TUTORIAL MOD\gamemodes\TR.pwn:220)
[15:28:40] [ERROR] error #1054 while executing query "SELECT * FROM `players` WHERE `Username` = 'kaizer'": Unknown column 'Username' in 'where clause' (C:\Users\win10\Desktop\TUTORIAL MOD\gamemodes\TR.pwn:220)
[15:28:40] [ERROR] error #1054 while executing query "SELECT * FROM `players` WHERE `Username` = 'kaizer'": Unknown column 'Username' in 'where clause' (C:\Users\win10\Desktop\TUTORIAL MOD\gamemodes\TR.pwn:215)
[15:28:40] [ERROR] error #1054 while executing query "SELECT * FROM `players` WHERE `Username` = 'kaizer'": Unknown column 'Username' in 'where clause' (C:\Users\win10\Desktop\TUTORIAL MOD\gamemodes\TR.pwn:215)
[15:28:41] [ERROR] error #1054 while executing query "SELECT * FROM `players` WHERE `Username` = 'kaizer'": Unknown column 'Username' in 'where clause' (C:\Users\win10\Desktop\TUTORIAL MOD\gamemodes\TR.pwn:215)
[15:28:41] [ERROR] error #1054 while executing query "SELECT * FROM `players` WHERE `Username` = 'kaizer'": Unknown column 'Username' in 'where clause' (C:\Users\win10\Desktop\TUTORIAL MOD\gamemodes\TR.pwn:220)
[15:28:41] [ERROR] error #1054 while executing query "SELECT * FROM `players` WHERE `Username` = 'kaizer'": Unknown column 'Username' in 'where clause' (C:\Users\win10\Desktop\TUTORIAL MOD\gamemodes\TR.pwn:220)
[15:28:41] [ERROR] error #1054 while executing query "SELECT * FROM `players` WHERE `Username` = 'kaizer'": Unknown column 'Username' in 'where clause' (C:\Users\win10\Desktop\TUTORIAL MOD\gamemodes\TR.pwn:215)
[15:28:42] [ERROR] error #1054 while executing query "SELECT * FROM `players` WHERE `Username` = 'kaizer'": Unknown column 'Username' in 'where clause' (C:\Users\win10\Desktop\TUTORIAL MOD\gamemodes\TR.pwn:215)
[15:29:49] [ERROR] error #1054 while executing query "SELECT * FROM `players` WHERE `Username` = 'kaizer'": Unknown column 'Username' in 'where clause' (C:\Users\win10\Desktop\TUTORIAL MOD\gamemodes\TR.pwn:215)
[15:29:50] [ERROR] error #1054 while executing query "SELECT * FROM `players` WHERE `Username` = 'kaizer'": Unknown column 'Username' in 'where clause' (C:\Users\win10\Desktop\TUTORIAL MOD\gamemodes\TR.pwn:220)
[15:29:51] [ERROR] error #1054 while executing query "SELECT * FROM `players` WHERE `Username` = 'kaizer'": Unknown column 'Username' in 'where clause' (C:\Users\win10\Desktop\TUTORIAL MOD\gamemodes\TR.pwn:220)
[15:29:51] [ERROR] error #1054 while executing query "SELECT * FROM `players` WHERE `Username` = 'kaizer'": Unknown column 'Username' in 'where clause' (C:\Users\win10\Desktop\TUTORIAL MOD\gamemodes\TR.pwn:215)
[15:29:52] [ERROR] error #1054 while executing query "SELECT * FROM `players` WHERE `Username` = 'kaizer'": Unknown column 'Username' in 'where clause' (C:\Users\win10\Desktop\TUTORIAL MOD\gamemodes\TR.pwn:215)
[15:29:52] [ERROR] error #1054 while executing query "SELECT * FROM `players` WHERE `Username` = 'kaizer'": Unknown column 'Username' in 'where clause' (C:\Users\win10\Desktop\TUTORIAL MOD\gamemodes\TR.pwn:215)
[15:29:53] [ERROR] error #1054 while executing query "SELECT * FROM `players` WHERE `Username` = 'kaizer'": Unknown column 'Username' in 'where clause' (C:\Users\win10\Desktop\TUTORIAL MOD\gamemodes\TR.pwn:215)
[15:29:54] [ERROR] error #1054 while executing query "SELECT * FROM `players` WHERE `Username` = 'kaizer'": Unknown column 'Username' in 'where clause' (C:\Users\win10\Desktop\TUTORIAL MOD\gamemodes\TR.pwn:220)
[15:29:54] [ERROR] error #1054 while executing query "SELECT * FROM `players` WHERE `Username` = 'kaizer'": Unknown column 'Username' in 'where clause' (C:\Users\win10\Desktop\TUTORIAL MOD\gamemodes\TR.pwn:220)
[15:29:54] [ERROR] error #1054 while executing query "SELECT * FROM `players` WHERE `Username` = 'kaizer'": Unknown column 'Username' in 'where clause' (C:\Users\win10\Desktop\TUTORIAL MOD\gamemodes\TR.pwn:220)
[15:31:34] [WARNING] mysql_connect: no password specified (C:\Users\win10\Desktop\TUTORIAL MOD\gamemodes\TR.pwn:68 -> C:\Users\win10\Desktop\Private\VZ mysql\pawno\include\Pawn.CMD.inc:125 -> C:\Users\win10\Desktop\Private\VZ mysql\pawno\include\sscanf2.inc:211 -> C:\Users\win10\Desktop\Private\VZ mysql\pawno\include\YSI_Data\y_foreach\..\..\YSI_Coding\y_va\..\..\YSI_Core\y_core\..\..\indirection\indirection.inc:942 -> C:\Users\win10\Desktop\Private\VZ mysql\pawno\include\YSI_Data\y_foreach\..\..\YSI_Core\y_core\y_scriptinit_impl.inc:365)
[15:31:51] [ERROR] error #1054 while executing query "SELECT * FROM `players` WHERE `Username` = 'kaizer'": Unknown column 'Username' in 'where clause' (C:\Users\win10\Desktop\TUTORIAL MOD\gamemodes\TR.pwn:216)
[15:31:52] [ERROR] error #1054 while executing query "SELECT * FROM `players` WHERE `Username` = 'kaizer'": Unknown column 'Username' in 'where clause' (C:\Users\win10\Desktop\TUTORIAL MOD\gamemodes\TR.pwn:221)
[15:31:53] [ERROR] error #1054 while executing query "SELECT * FROM `players` WHERE `Username` = 'kaizer'": Unknown column 'Username' in 'where clause' (C:\Users\win10\Desktop\TUTORIAL MOD\gamemodes\TR.pwn:221)
[15:31:54] [ERROR] error #1054 while executing query "SELECT * FROM `players` WHERE `Username` = 'kaizer'": Unknown column 'Username' in 'where clause' (C:\Users\win10\Desktop\TUTORIAL MOD\gamemodes\TR.pwn:221)
[15:31:54] [ERROR] error #1054 while executing query "SELECT * FROM `players` WHERE `Username` = 'kaizer'": Unknown column 'Username' in 'where clause' (C:\Users\win10\Desktop\TUTORIAL MOD\gamemodes\TR.pwn:216)
[15:31:55] [ERROR] error #1054 while executing query "SELECT * FROM `players` WHERE `Username` = 'kaizer'": Unknown column 'Username' in 'where clause' (C:\Users\win10\Desktop\TUTORIAL MOD\gamemodes\TR.pwn:216)
[15:31:55] [ERROR] error #1054 while executing query "SELECT * FROM `players` WHERE `Username` = 'kaizer'": Unknown column 'Username' in 'where clause' (C:\Users\win10\Desktop\TUTORIAL MOD\gamemodes\TR.pwn:216)
[15:31:55] [ERROR] error #1054 while executing query "SELECT * FROM `players` WHERE `Username` = 'kaizer'": Unknown column 'Username' in 'where clause' (C:\Users\win10\Desktop\TUTORIAL MOD\gamemodes\TR.pwn:221)
[15:31:56] [ERROR] error #1054 while executing query "SELECT * FROM `players` WHERE `Username` = 'kaizer'": Unknown column 'Username' in 'where clause' (C:\Users\win10\Desktop\TUTORIAL MOD\gamemodes\TR.pwn:216)
[15:31:56] [ERROR] error #1054 while executing query "SELECT * FROM `players` WHERE `Username` = 'kaizer'": Unknown column 'Username' in 'where clause' (C:\Users\win10\Desktop\TUTORIAL MOD\gamemodes\TR.pwn:216)
[15:32:35] [WARNING] mysql_connect: no password specified (C:\Users\win10\Desktop\TUTORIAL MOD\gamemodes\TR.pwn:68 -> C:\Users\win10\Desktop\Private\VZ mysql\pawno\include\Pawn.CMD.inc:125 -> C:\Users\win10\Desktop\Private\VZ mysql\pawno\include\sscanf2.inc:211 -> C:\Users\win10\Desktop\Private\VZ mysql\pawno\include\YSI_Data\y_foreach\..\..\YSI_Coding\y_va\..\..\YSI_Core\y_core\..\..\indirection\indirection.inc:942 -> C:\Users\win10\Desktop\Private\VZ mysql\pawno\include\YSI_Data\y_foreach\..\..\YSI_Core\y_core\y_scriptinit_impl.inc:365)
[15:32:54] [ERROR] error #1054 while executing query "SELECT * FROM `players` WHERE `Username` = 'kaizer'": Unknown column 'Username' in 'where clause' (C:\Users\win10\Desktop\TUTORIAL MOD\gamemodes\TR.pwn:217)
[15:32:55] [ERROR] error #1054 while executing query "SELECT * FROM `players` WHERE `Username` = 'kaizer'": Unknown column 'Username' in 'where clause' (C:\Users\win10\Desktop\TUTORIAL MOD\gamemodes\TR.pwn:222)
[15:32:55] [ERROR] error #1054 while executing query "SELECT * FROM `players` WHERE `Username` = 'kaizer'": Unknown column 'Username' in 'where clause' (C:\Users\win10\Desktop\TUTORIAL MOD\gamemodes\TR.pwn:222)
[15:32:56] [ERROR] error #1054 while executing query "SELECT * FROM `players` WHERE `Username` = 'kaizer'": Unknown column 'Username' in 'where clause' (C:\Users\win10\Desktop\TUTORIAL MOD\gamemodes\TR.pwn:222)
[15:35:34] [WARNING] mysql_connect: no password specified (C:\Users\win10\Desktop\TUTORIAL MOD\gamemodes\TR.pwn:68 -> C:\Users\win10\Desktop\Private\VZ mysql\pawno\include\Pawn.CMD.inc:125 -> C:\Users\win10\Desktop\Private\VZ mysql\pawno\include\sscanf2.inc:211 -> C:\Users\win10\Desktop\Private\VZ mysql\pawno\include\YSI_Data\y_foreach\..\..\YSI_Coding\y_va\..\..\YSI_Core\y_core\..\..\indirection\indirection.inc:942 -> C:\Users\win10\Desktop\Private\VZ mysql\pawno\include\YSI_Data\y_foreach\..\..\YSI_Core\y_core\y_scriptinit_impl.inc:365)
[15:35:49] [ERROR] error #1054 while executing query "SELECT * FROM `players` WHERE `Username` = 'kaizer'": Unknown column 'Username' in 'where clause' (C:\Users\win10\Desktop\TUTORIAL MOD\gamemodes\TR.pwn:217)
[15:35:50] [ERROR] error #1054 while executing query "SELECT * FROM `players` WHERE `Username` = 'kaizer'": Unknown column 'Username' in 'where clause' (C:\Users\win10\Desktop\TUTORIAL MOD\gamemodes\TR.pwn:222)
[15:35:50] [ERROR] error #1054 while executing query "SELECT * FROM `players` WHERE `Username` = 'kaizer'": Unknown column 'Username' in 'where clause' (C:\Users\win10\Desktop\TUTORIAL MOD\gamemodes\TR.pwn:222)
[15:35:50] [ERROR] error #1054 while executing query "SELECT * FROM `players` WHERE `Username` = 'kaizer'": Unknown column 'Username' in 'where clause' (C:\Users\win10\Desktop\TUTORIAL MOD\gamemodes\TR.pwn:217)
[15:35:51] [ERROR] error #1054 while executing query "SELECT * FROM `players` WHERE `Username` = 'kaizer'": Unknown column 'Username' in 'where clause' (C:\Users\win10\Desktop\TUTORIAL MOD\gamemodes\TR.pwn:222)
[15:35:51] [ERROR] error #1054 while executing query "SELECT * FROM `players` WHERE `Username` = 'kaizer'": Unknown column 'Username' in 'where clause' (C:\Users\win10\Desktop\TUTORIAL MOD\gamemodes\TR.pwn:217)
[15:35:52] [ERROR] error #1054 while executing query "SELECT * FROM `players` WHERE `Username` = 'kaizer'": Unknown column 'Username' in 'where clause' (C:\Users\win10\Desktop\TUTORIAL MOD\gamemodes\TR.pwn:217)
[15:35:53] [ERROR] error #1054 while executing query "SELECT * FROM `players` WHERE `Username` = 'kaizer'": Unknown column 'Username' in 'where clause' (C:\Users\win10\Desktop\TUTORIAL MOD\gamemodes\TR.pwn:222)
[15:35:53] [ERROR] error #1054 while executing query "SELECT * FROM `players` WHERE `Username` = 'kaizer'": Unknown column 'Username' in 'where clause' (C:\Users\win10\Desktop\TUTORIAL MOD\gamemodes\TR.pwn:222)
[15:35:54] [ERROR] error #1054 while executing query "SELECT * FROM `players` WHERE `Username` = 'kaizer'": Unknown column 'Username' in 'where clause' (C:\Users\win10\Desktop\TUTORIAL MOD\gamemodes\TR.pwn:217)
[15:35:54] [ERROR] error #1054 while executing query "SELECT * FROM `players` WHERE `Username` = 'kaizer'": Unknown column 'Username' in 'where clause' (C:\Users\win10\Desktop\TUTORIAL MOD\gamemodes\TR.pwn:222)
[15:35:55] [ERROR] error #1054 while executing query "SELECT * FROM `players` WHERE `Username` = 'kaizer'": Unknown column 'Username' in 'where clause' (C:\Users\win10\Desktop\TUTORIAL MOD\gamemodes\TR.pwn:217)
[15:35:55] [ERROR] error #1054 while executing query "SELECT * FROM `players` WHERE `Username` = 'kaizer'": Unknown column 'Username' in 'where clause' (C:\Users\win10\Desktop\TUTORIAL MOD\gamemodes\TR.pwn:217)
[15:35:55] [ERROR] error #1054 while executing query "SELECT * FROM `players` WHERE `Username` = 'kaizer'": Unknown column 'Username' in 'where clause' (C:\Users\win10\Desktop\TUTORIAL MOD\gamemodes\TR.pwn:217)
[15:35:56] [ERROR] error #1054 while executing query "SELECT * FROM `players` WHERE `Username` = 'kaizer'": Unknown column 'Username' in 'where clause' (C:\Users\win10\Desktop\TUTORIAL MOD\gamemodes\TR.pwn:217)
[15:35:56] [ERROR] error #1054 while executing query "SELECT * FROM `players` WHERE `Username` = 'kaizer'": Unknown column 'Username' in 'where clause' (C:\Users\win10\Desktop\TUTORIAL MOD\gamemodes\TR.pwn:222)
[15:36:20] [ERROR] error #1054 while executing query "SELECT * FROM `players` WHERE `Username` = 'kaizer'": Unknown column 'Username' in 'where clause' (C:\Users\win10\Desktop\TUTORIAL MOD\gamemodes\TR.pwn:217)
[15:36:21] [ERROR] error #1054 while executing query "SELECT * FROM `players` WHERE `Username` = 'kaizer'": Unknown column 'Username' in 'where clause' (C:\Users\win10\Desktop\TUTORIAL MOD\gamemodes\TR.pwn:217)
[15:36:21] [ERROR] error #1054 while executing query "SELECT * FROM `players` WHERE `Username` = 'kaizer'": Unknown column 'Username' in 'where clause' (C:\Users\win10\Desktop\TUTORIAL MOD\gamemodes\TR.pwn:217)
[15:36:21] [ERROR] error #1054 while executing query "SELECT * FROM `players` WHERE `Username` = 'kaizer'": Unknown column 'Username' in 'where clause' (C:\Users\win10\Desktop\TUTORIAL MOD\gamemodes\TR.pwn:222)
[15:36:21] [ERROR] error #1054 while executing query "SELECT * FROM `players` WHERE `Username` = 'kaizer'": Unknown column 'Username' in 'where clause' (C:\Users\win10\Desktop\TUTORIAL MOD\gamemodes\TR.pwn:222)
[15:36:21] [ERROR] error #1054 while executing query "SELECT * FROM `players` WHERE `Username` = 'kaizer'": Unknown column 'Username' in 'where clause' (C:\Users\win10\Desktop\TUTORIAL MOD\gamemodes\TR.pwn:217)
[15:36:22] [ERROR] error #1054 while executing query "SELECT * FROM `players` WHERE `Username` = 'kaizer'": Unknown column 'Username' in 'where clause' (C:\Users\win10\Desktop\TUTORIAL MOD\gamemodes\TR.pwn:217)
[15:38:07] [ERROR] error #1054 while executing query "SELECT * FROM `players` WHERE `Username` = 'kaizer'": Unknown column 'Username' in 'where clause' (C:\Users\win10\Desktop\TUTORIAL MOD\gamemodes\TR.pwn:217)
[15:38:08] [ERROR] error #1054 while executing query "SELECT * FROM `players` WHERE `Username` = 'kaizer'": Unknown column 'Username' in 'where clause' (C:\Users\win10\Desktop\TUTORIAL MOD\gamemodes\TR.pwn:217)
[15:38:09] [ERROR] error #1054 while executing query "SELECT * FROM `players` WHERE `Username` = 'kaizer'": Unknown column 'Username' in 'where clause' (C:\Users\win10\Desktop\TUTORIAL MOD\gamemodes\TR.pwn:217)
[15:38:09] [ERROR] error #1054 while executing query "SELECT * FROM `players` WHERE `Username` = 'kaizer'": Unknown column 'Username' in 'where clause' (C:\Users\win10\Desktop\TUTORIAL MOD\gamemodes\TR.pwn:217)
[15:38:09] [ERROR] error #1054 while executing query "SELECT * FROM `players` WHERE `Username` = 'kaizer'": Unknown column 'Username' in 'where clause' (C:\Users\win10\Desktop\TUTORIAL MOD\gamemodes\TR.pwn:222)
[15:38:09] [ERROR] error #1054 while executing query "SELECT * FROM `players` WHERE `Username` = 'kaizer'": Unknown column 'Username' in 'where clause' (C:\Users\win10\Desktop\TUTORIAL MOD\gamemodes\TR.pwn:222)
[15:38:09] [ERROR] error #1054 while executing query "SELECT * FROM `players` WHERE `Username` = 'kaizer'": Unknown column 'Username' in 'where clause' (C:\Users\win10\Desktop\TUTORIAL MOD\gamemodes\TR.pwn:217)
[15:38:10] [ERROR] error #1054 while executing query "SELECT * FROM `players` WHERE `Username` = 'kaizer'": Unknown column 'Username' in 'where clause' (C:\Users\win10\Desktop\TUTORIAL MOD\gamemodes\TR.pwn:217)
[15:38:10] [ERROR] error #1054 while executing query "SELECT * FROM `players` WHERE `Username` = 'kaizer'": Unknown column 'Username' in 'where clause' (C:\Users\win10\Desktop\TUTORIAL MOD\gamemodes\TR.pwn:217)
[15:38:10] [ERROR] error #1054 while executing query "SELECT * FROM `players` WHERE `Username` = 'kaizer'": Unknown column 'Username' in 'where clause' (C:\Users\win10\Desktop\TUTORIAL MOD\gamemodes\TR.pwn:217)
[15:38:11] [ERROR] error #1054 while executing query "SELECT * FROM `players` WHERE `Username` = 'kaizer'": Unknown column 'Username' in 'where clause' (C:\Users\win10\Desktop\TUTORIAL MOD\gamemodes\TR.pwn:217)
[15:38:13] [ERROR] error #1054 while executing query "SELECT * FROM `players` WHERE `Username` = 'kaizer'": Unknown column 'Username' in 'where clause' (C:\Users\win10\Desktop\TUTORIAL MOD\gamemodes\TR.pwn:222)
[15:51:00] [WARNING] mysql_connect: no password specified (C:\Users\win10\Desktop\TUTORIAL MOD\gamemodes\TR.pwn:68 -> C:\Users\win10\Desktop\Private\VZ mysql\pawno\include\Pawn.CMD.inc:125 -> C:\Users\win10\Desktop\Private\VZ mysql\pawno\include\sscanf2.inc:211 -> C:\Users\win10\Desktop\Private\VZ mysql\pawno\include\YSI_Data\y_foreach\..\..\YSI_Coding\y_va\..\..\YSI_Core\y_core\..\..\indirection\indirection.inc:942 -> C:\Users\win10\Desktop\Private\VZ mysql\pawno\include\YSI_Data\y_foreach\..\..\YSI_Core\y_core\y_scriptinit_impl.inc:365)
[15:51:16] [ERROR] error #1054 while executing query "SELECT * FROM `players` WHERE `Username` = 'kaizer'": Unknown column 'Username' in 'where clause' (C:\Users\win10\Desktop\TUTORIAL MOD\gamemodes\TR.pwn:216)
[15:51:17] [ERROR] error #1054 while executing query "SELECT * FROM `players` WHERE `Username` = 'kaizer'": Unknown column 'Username' in 'where clause' (C:\Users\win10\Desktop\TUTORIAL MOD\gamemodes\TR.pwn:221)
[15:51:17] [ERROR] error #1054 while executing query "SELECT * FROM `players` WHERE `Username` = 'kaizer'": Unknown column 'Username' in 'where clause' (C:\Users\win10\Desktop\TUTORIAL MOD\gamemodes\TR.pwn:221)
[15:51:18] [ERROR] error #1054 while executing query "SELECT * FROM `players` WHERE `Username` = 'kaizer'": Unknown column 'Username' in 'where clause' (C:\Users\win10\Desktop\TUTORIAL MOD\gamemodes\TR.pwn:216)
[15:51:19] [ERROR] error #1054 while executing query "SELECT * FROM `players` WHERE `Username` = 'kaizer'": Unknown column 'Username' in 'where clause' (C:\Users\win10\Desktop\TUTORIAL MOD\gamemodes\TR.pwn:216)
[15:51:19] [ERROR] error #1054 while executing query "SELECT * FROM `players` WHERE `Username` = 'kaizer'": Unknown column 'Username' in 'where clause' (C:\Users\win10\Desktop\TUTORIAL MOD\gamemodes\TR.pwn:216)
[15:51:20] [ERROR] error #1054 while executing query "SELECT * FROM `players` WHERE `Username` = 'kaizer'": Unknown column 'Username' in 'where clause' (C:\Users\win10\Desktop\TUTORIAL MOD\gamemodes\TR.pwn:216)
[15:51:21] [ERROR] error #1054 while executing query "SELECT * FROM `players` WHERE `Username` = 'kaizer'": Unknown column 'Username' in 'where clause' (C:\Users\win10\Desktop\TUTORIAL MOD\gamemodes\TR.pwn:221)
[15:51:21] [ERROR] error #1054 while executing query "SELECT * FROM `players` WHERE `Username` = 'kaizer'": Unknown column 'Username' in 'where clause' (C:\Users\win10\Desktop\TUTORIAL MOD\gamemodes\TR.pwn:221)
[15:52:15] [WARNING] mysql_connect: no password specified (C:\Users\win10\Desktop\TUTORIAL MOD\gamemodes\TR.pwn:68 -> C:\Users\win10\Desktop\Private\VZ mysql\pawno\include\Pawn.CMD.inc:125 -> C:\Users\win10\Desktop\Private\VZ mysql\pawno\include\sscanf2.inc:211 -> C:\Users\win10\Desktop\Private\VZ mysql\pawno\include\YSI_Data\y_foreach\..\..\YSI_Coding\y_va\..\..\YSI_Core\y_core\..\..\indirection\indirection.inc:942 -> C:\Users\win10\Desktop\Private\VZ mysql\pawno\include\YSI_Data\y_foreach\..\..\YSI_Core\y_core\y_scriptinit_impl.inc:365)
[15:52:38] [ERROR] error #1054 while executing query "SELECT * FROM `players` WHERE `Username` = 'kaizer'": Unknown column 'Username' in 'where clause' (C:\Users\win10\Desktop\TUTORIAL MOD\gamemodes\TR.pwn:217)
[15:52:39] [ERROR] error #1054 while executing query "SELECT * FROM `players` WHERE `Username` = 'kaizer'": Unknown column 'Username' in 'where clause' (C:\Users\win10\Desktop\TUTORIAL MOD\gamemodes\TR.pwn:223)
[15:52:39] [ERROR] error #1054 while executing query "SELECT * FROM `players` WHERE `Username` = 'kaizer'": Unknown column 'Username' in 'where clause' (C:\Users\win10\Desktop\TUTORIAL MOD\gamemodes\TR.pwn:223)
[15:52:40] [ERROR] error #1054 while executing query "SELECT * FROM `players` WHERE `Username` = 'kaizer'": Unknown column 'Username' in 'where clause' (C:\Users\win10\Desktop\TUTORIAL MOD\gamemodes\TR.pwn:217)
[15:52:40] [ERROR] error #1054 while executing query "SELECT * FROM `players` WHERE `Username` = 'kaizer'": Unknown column 'Username' in 'where clause' (C:\Users\win10\Desktop\TUTORIAL MOD\gamemodes\TR.pwn:223)
[15:52:40] [ERROR] error #1054 while executing query "SELECT * FROM `players` WHERE `Username` = 'kaizer'": Unknown column 'Username' in 'where clause' (C:\Users\win10\Desktop\TUTORIAL MOD\gamemodes\TR.pwn:217)
[15:52:41] [ERROR] error #1054 while executing query "SELECT * FROM `players` WHERE `Username` = 'kaizer'": Unknown column 'Username' in 'where clause' (C:\Users\win10\Desktop\TUTORIAL MOD\gamemodes\TR.pwn:217)
[15:52:42] [ERROR] error #1054 while executing query "SELECT * FROM `players` WHERE `Username` = 'kaizer'": Unknown column 'Username' in 'where clause' (C:\Users\win10\Desktop\TUTORIAL MOD\gamemodes\TR.pwn:217)
[15:52:42] [ERROR] error #1054 while executing query "SELECT * FROM `players` WHERE `Username` = 'kaizer'": Unknown column 'Username' in 'where clause' (C:\Users\win10\Desktop\TUTORIAL MOD\gamemodes\TR.pwn:223)
[15:52:43] [ERROR] error #1054 while executing query "SELECT * FROM `players` WHERE `Username` = 'kaizer'": Unknown column 'Username' in 'where clause' (C:\Users\win10\Desktop\TUTORIAL MOD\gamemodes\TR.pwn:217)
[15:52:43] [ERROR] error #1054 while executing query "SELECT * FROM `players` WHERE `Username` = 'kaizer'": Unknown column 'Username' in 'where clause' (C:\Users\win10\Desktop\TUTORIAL MOD\gamemodes\TR.pwn:217)
[15:52:44] [ERROR] error #1054 while executing query "SELECT * FROM `players` WHERE `Username` = 'kaizer'": Unknown column 'Username' in 'where clause' (C:\Users\win10\Desktop\TUTORIAL MOD\gamemodes\TR.pwn:217)
[15:52:44] [ERROR] error #1054 while executing query "SELECT * FROM `players` WHERE `Username` = 'kaizer'": Unknown column 'Username' in 'where clause' (C:\Users\win10\Desktop\TUTORIAL MOD\gamemodes\TR.pwn:223)
[15:52:44] [ERROR] error #1054 while executing query "SELECT * FROM `players` WHERE `Username` = 'kaizer'": Unknown column 'Username' in 'where clause' (C:\Users\win10\Desktop\TUTORIAL MOD\gamemodes\TR.pwn:223)
[15:52:45] [ERROR] error #1054 while executing query "SELECT * FROM `players` WHERE `Username` = 'kaizer'": Unknown column 'Username' in 'where clause' (C:\Users\win10\Desktop\TUTORIAL MOD\gamemodes\TR.pwn:217)
[15:54:14] [WARNING] mysql_connect: no password specified (C:\Users\win10\Desktop\TUTORIAL MOD\gamemodes\TR.pwn:68 -> C:\Users\win10\Desktop\Private\VZ mysql\pawno\include\Pawn.CMD.inc:125 -> C:\Users\win10\Desktop\Private\VZ mysql\pawno\include\sscanf2.inc:211 -> C:\Users\win10\Desktop\Private\VZ mysql\pawno\include\YSI_Data\y_foreach\..\..\YSI_Coding\y_va\..\..\YSI_Core\y_core\..\..\indirection\indirection.inc:942 -> C:\Users\win10\Desktop\Private\VZ mysql\pawno\include\YSI_Data\y_foreach\..\..\YSI_Core\y_core\y_scriptinit_impl.inc:365)
[15:56:55] [WARNING] mysql_connect: no password specified (C:\Users\win10\Desktop\TUTORIAL MOD\gamemodes\TR.pwn:68 -> C:\Users\win10\Desktop\Private\VZ mysql\pawno\include\Pawn.CMD.inc:125 -> C:\Users\win10\Desktop\Private\VZ mysql\pawno\include\sscanf2.inc:211 -> C:\Users\win10\Desktop\Private\VZ mysql\pawno\include\YSI_Data\y_foreach\..\..\YSI_Coding\y_va\..\..\YSI_Core\y_core\..\..\indirection\indirection.inc:942 -> C:\Users\win10\Desktop\Private\VZ mysql\pawno\include\YSI_Data\y_foreach\..\..\YSI_Core\y_core\y_scriptinit_impl.inc:365)
[15:58:51] [WARNING] mysql_connect: no password specified (C:\Users\win10\Desktop\TUTORIAL MOD\gamemodes\TR.pwn:68 -> C:\Users\win10\Desktop\Private\VZ mysql\pawno\include\Pawn.CMD.inc:125 -> C:\Users\win10\Desktop\Private\VZ mysql\pawno\include\sscanf2.inc:211 -> C:\Users\win10\Desktop\Private\VZ mysql\pawno\include\YSI_Data\y_foreach\..\..\YSI_Coding\y_va\..\..\YSI_Core\y_core\..\..\indirection\indirection.inc:942 -> C:\Users\win10\Desktop\Private\VZ mysql\pawno\include\YSI_Data\y_foreach\..\..\YSI_Core\y_core\y_scriptinit_impl.inc:365)
[16:00:20] [WARNING] mysql_connect: no password specified (C:\Users\win10\Desktop\TUTORIAL MOD\gamemodes\TR.pwn:68 -> C:\Users\win10\Desktop\Private\VZ mysql\pawno\include\Pawn.CMD.inc:125 -> C:\Users\win10\Desktop\Private\VZ mysql\pawno\include\sscanf2.inc:211 -> C:\Users\win10\Desktop\Private\VZ mysql\pawno\include\YSI_Data\y_foreach\..\..\YSI_Coding\y_va\..\..\YSI_Core\y_core\..\..\indirection\indirection.inc:942 -> C:\Users\win10\Desktop\Private\VZ mysql\pawno\include\YSI_Data\y_foreach\..\..\YSI_Core\y_core\y_scriptinit_impl.inc:365)
[16:01:00] [ERROR] error #1062 while executing query "INSERT INTO `players` (`Username`,`Password`,`Skin`,`Level`,`Novac`) VALUES ('Ime_Prezime','132579837','60','1','2000')": Duplicate entry '0' for key 'PRIMARY' (C:\Users\win10\Desktop\TUTORIAL MOD\gamemodes\TR.pwn:312)
[14:05:19] [WARNING] mysql_connect: no password specified (C:\Users\win10\Desktop\TUTORIAL MOD\gamemodes\TR.pwn:68 -> C:\Users\win10\Desktop\Private\VZ mysql\pawno\include\Pawn.CMD.inc:125 -> C:\Users\win10\Desktop\Private\VZ mysql\pawno\include\sscanf2.inc:211 -> C:\Users\win10\Desktop\Private\VZ mysql\pawno\include\YSI_Data\y_foreach\..\..\YSI_Coding\y_va\..\..\YSI_Core\y_core\..\..\indirection\indirection.inc:942 -> C:\Users\win10\Desktop\Private\VZ mysql\pawno\include\YSI_Data\y_foreach\..\..\YSI_Core\y_core\y_scriptinit_impl.inc:365)
[14:23:31] [WARNING] mysql_connect: no password specified (C:\Users\win10\Desktop\TUTORIAL MOD\gamemodes\TR.pwn:72 -> C:\Users\win10\Desktop\Private\VZ mysql\pawno\include\Pawn.CMD.inc:125 -> C:\Users\win10\Desktop\Private\VZ mysql\pawno\include\sscanf2.inc:211 -> C:\Users\win10\Desktop\Private\VZ mysql\pawno\include\YSI_Data\y_foreach\..\..\YSI_Coding\y_va\..\..\YSI_Core\y_core\..\..\indirection\indirection.inc:942 -> C:\Users\win10\Desktop\Private\VZ mysql\pawno\include\YSI_Data\y_foreach\..\..\YSI_Core\y_core\y_scriptinit_impl.inc:365)
[14:30:36] [WARNING] mysql_connect: no password specified (C:\Users\win10\Desktop\TUTORIAL MOD\gamemodes\TR.pwn:72 -> C:\Users\win10\Desktop\Private\VZ mysql\pawno\include\Pawn.CMD.inc:125 -> C:\Users\win10\Desktop\Private\VZ mysql\pawno\include\sscanf2.inc:211 -> C:\Users\win10\Desktop\Private\VZ mysql\pawno\include\YSI_Data\y_foreach\..\..\YSI_Coding\y_va\..\..\YSI_Core\y_core\..\..\indirection\indirection.inc:942 -> C:\Users\win10\Desktop\Private\VZ mysql\pawno\include\YSI_Data\y_foreach\..\..\YSI_Core\y_core\y_scriptinit_impl.inc:365)
[14:54:25] [WARNING] mysql_connect: no password specified (C:\Users\win10\Desktop\TUTORIAL MOD\gamemodes\TR.pwn:69 -> C:\Users\win10\Desktop\Private\VZ mysql\pawno\include\Pawn.CMD.inc:125 -> C:\Users\win10\Desktop\Private\VZ mysql\pawno\include\sscanf2.inc:211 -> C:\Users\win10\Desktop\Private\VZ mysql\pawno\include\YSI_Data\y_foreach\..\..\YSI_Coding\y_va\..\..\YSI_Core\y_core\..\..\indirection\indirection.inc:942 -> C:\Users\win10\Desktop\Private\VZ mysql\pawno\include\YSI_Data\y_foreach\..\..\YSI_Core\y_core\y_scriptinit_impl.inc:365)
[15:01:33] [WARNING] mysql_connect: no password specified (C:\Users\win10\Desktop\TUTORIAL MOD\gamemodes\TR.pwn:69 -> C:\Users\win10\Desktop\Private\VZ mysql\pawno\include\Pawn.CMD.inc:125 -> C:\Users\win10\Desktop\Private\VZ mysql\pawno\include\sscanf2.inc:211 -> C:\Users\win10\Desktop\Private\VZ mysql\pawno\include\YSI_Data\y_foreach\..\..\YSI_Coding\y_va\..\..\YSI_Core\y_core\..\..\indirection\indirection.inc:942 -> C:\Users\win10\Desktop\Private\VZ mysql\pawno\include\YSI_Data\y_foreach\..\..\YSI_Core\y_core\y_scriptinit_impl.inc:365)
[14:47:24] [WARNING] mysql_connect: no password specified (C:\Users\win10\Desktop\TUTORIAL MOD\gamemodes\TR.pwn:69 -> C:\Users\win10\Desktop\Private\VZ mysql\pawno\include\Pawn.CMD.inc:125 -> C:\Users\win10\Desktop\Private\VZ mysql\pawno\include\sscanf2.inc:211 -> C:\Users\win10\Desktop\Private\VZ mysql\pawno\include\YSI_Data\y_foreach\..\..\YSI_Coding\y_va\..\..\YSI_Core\y_core\..\..\indirection\indirection.inc:942 -> C:\Users\win10\Desktop\Private\VZ mysql\pawno\include\YSI_Data\y_foreach\..\..\YSI_Core\y_core\y_scriptinit_impl.inc:365)
[20:03:11] [WARNING] mysql_connect: no password specified (C:\Users\win10\Desktop\Skriptanje sa kaizerom\gamemodes\TR.pwn:69 -> C:\Users\win10\Desktop\Skriptanje sa kaizerom\pawno\include\Pawn.CMD.inc:125 -> C:\Users\win10\Desktop\Skriptanje sa kaizerom\pawno\include\sscanf2.inc:211 -> C:\Users\win10\Desktop\Skriptanje sa kaizerom\pawno\include\YSI_Data\y_foreach\..\..\YSI_Coding\y_va\..\..\YSI_Core\y_core\..\..\indirection\indirection.inc:942 -> C:\Users\win10\Desktop\Skriptanje sa kaizerom\pawno\include\YSI_Data\y_foreach\..\..\YSI_Core\y_core\y_scriptinit_impl.inc:365)
[20:07:04] [WARNING] mysql_connect: no password specified (C:\Users\win10\Desktop\Skriptanje sa kaizerom\gamemodes\TR.pwn:69 -> C:\Users\win10\Desktop\Skriptanje sa kaizerom\pawno\include\Pawn.CMD.inc:125 -> C:\Users\win10\Desktop\Skriptanje sa kaizerom\pawno\include\sscanf2.inc:211 -> C:\Users\win10\Desktop\Skriptanje sa kaizerom\pawno\include\YSI_Data\y_foreach\..\..\YSI_Coding\y_va\..\..\YSI_Core\y_core\..\..\indirection\indirection.inc:942 -> C:\Users\win10\Desktop\Skriptanje sa kaizerom\pawno\include\YSI_Data\y_foreach\..\..\YSI_Core\y_core\y_scriptinit_impl.inc:365)
[20:08:03] [WARNING] mysql_connect: no password specified (C:\Users\win10\Desktop\Skriptanje sa kaizerom\gamemodes\TR.pwn:69 -> C:\Users\win10\Desktop\Skriptanje sa kaizerom\pawno\include\Pawn.CMD.inc:125 -> C:\Users\win10\Desktop\Skriptanje sa kaizerom\pawno\include\sscanf2.inc:211 -> C:\Users\win10\Desktop\Skriptanje sa kaizerom\pawno\include\YSI_Data\y_foreach\..\..\YSI_Coding\y_va\..\..\YSI_Core\y_core\..\..\indirection\indirection.inc:942 -> C:\Users\win10\Desktop\Skriptanje sa kaizerom\pawno\include\YSI_Data\y_foreach\..\..\YSI_Core\y_core\y_scriptinit_impl.inc:365)
[20:57:07] [WARNING] mysql_connect: no password specified (C:\Users\win10\Desktop\Skriptanje sa kaizerom\gamemodes\TR.pwn:69 -> C:\Users\win10\Desktop\Skriptanje sa kaizerom\pawno\include\Pawn.CMD.inc:125 -> C:\Users\win10\Desktop\Skriptanje sa kaizerom\pawno\include\sscanf2.inc:211 -> C:\Users\win10\Desktop\Skriptanje sa kaizerom\pawno\include\YSI_Data\y_foreach\..\..\YSI_Coding\y_va\..\..\YSI_Core\y_core\..\..\indirection\indirection.inc:942 -> C:\Users\win10\Desktop\Skriptanje sa kaizerom\pawno\include\YSI_Data\y_foreach\..\..\YSI_Core\y_core\y_scriptinit_impl.inc:365)
[20:58:04] [ERROR] error #1064 while executing query "INSERT INTO `bans` (`ID`,`ADMIN`,`IGRAC`,`RAZLOG`,`DATUM`,`IP`) VALUES('0','kaizer','kaizer','test,'29/1/2021 - 20:58','-1')": You have an error in your SQL syntax; check the manual that corresponds to your MariaDB server version for the right syntax to use near '29/1/2021 - 20:58','-1')' at line 1 (C:\Users\win10\Desktop\Skriptanje sa kaizerom\gamemodes\TR.pwn:245)
[21:04:30] [WARNING] mysql_connect: no password specified (C:\Users\win10\Desktop\Skriptanje sa kaizerom\gamemodes\TR.pwn:69 -> C:\Users\win10\Desktop\Skriptanje sa kaizerom\pawno\include\Pawn.CMD.inc:125 -> C:\Users\win10\Desktop\Skriptanje sa kaizerom\pawno\include\sscanf2.inc:211 -> C:\Users\win10\Desktop\Skriptanje sa kaizerom\pawno\include\YSI_Data\y_foreach\..\..\YSI_Coding\y_va\..\..\YSI_Core\y_core\..\..\indirection\indirection.inc:942 -> C:\Users\win10\Desktop\Skriptanje sa kaizerom\pawno\include\YSI_Data\y_foreach\..\..\YSI_Core\y_core\y_scriptinit_impl.inc:365)
[21:06:06] [WARNING] mysql_connect: no password specified (C:\Users\win10\Desktop\Skriptanje sa kaizerom\gamemodes\TR.pwn:69 -> C:\Users\win10\Desktop\Skriptanje sa kaizerom\pawno\include\Pawn.CMD.inc:125 -> C:\Users\win10\Desktop\Skriptanje sa kaizerom\pawno\include\sscanf2.inc:211 -> C:\Users\win10\Desktop\Skriptanje sa kaizerom\pawno\include\YSI_Data\y_foreach\..\..\YSI_Coding\y_va\..\..\YSI_Core\y_core\..\..\indirection\indirection.inc:942 -> C:\Users\win10\Desktop\Skriptanje sa kaizerom\pawno\include\YSI_Data\y_foreach\..\..\YSI_Core\y_core\y_scriptinit_impl.inc:365)
